<?xml version="1.0" encoding="UTF-8"?>
<!-- Generated by org.testng.reporters.JUnitReportReporter -->
<testsuite hostname="DESKTOP-SI1VTBO" failures="0" tests="3" name="com.myecom.testcases.DemoTest" time="2.723" errors="0" timestamp="2022-09-21T13:19:33 IST" skipped="0">
  <testcase classname="com.myecom.testcases.DemoTest" name="test2" time="0.006"/>
  <system-out/>
  <testcase classname="com.myecom.testcases.DemoTest" name="test3" time="2.706"/>
  <system-out/>
  <testcase classname="com.myecom.testcases.DemoTest" name="test1" time="0.011"/>
  <system-out/>
</testsuite> <!-- com.myecom.testcases.DemoTest -->
