<?xml version="1.0" encoding="UTF-8"?>
<!-- Generated by org.testng.reporters.JUnitReportReporter -->
<testsuite hostname="DESKTOP-SI1VTBO" failures="0" tests="1" name="com.myecom.testcases.IndexPageTest" time="34.525" errors="0" timestamp="2022-09-14T07:17:52 IST" skipped="0">
  <testcase classname="com.myecom.testcases.IndexPageTest" name="sendkeysToEmailBox" time="34.525"/>
  <system-out/>
</testsuite> <!-- com.myecom.testcases.IndexPageTest -->
