<?xml version="1.0" encoding="UTF-8"?>
<!-- Generated by org.testng.reporters.JUnitReportReporter -->
<testsuite hostname="DESKTOP-SI1VTBO" failures="0" tests="1" name="com.myecom.testcases.SignInPageTest" time="51.236" errors="0" timestamp="2022-09-15T20:10:04 IST" skipped="0">
  <testcase classname="com.myecom.testcases.SignInPageTest" name="ValidatecreateAcBtn" time="51.236"/>
  <system-out/>
</testsuite> <!-- com.myecom.testcases.SignInPageTest -->
